<?xml version="1.0" encoding="UTF-8"?>
<!-- Generated by org.testng.reporters.JUnitReportReporter -->
<testsuite skipped="0" hostname="ASCDK104" name="test.TC1" tests="1" failures="0" timestamp="07 Feb 2018 07:22:22 GMT" time="6.700" errors="0">
  <testcase name="testAdd" time="6.700" classname="test.TC1"/>
</testsuite> <!-- test.TC1 -->
